[INFO] Scanning for projects...
[INFO] 
[INFO] ------------------< com.careercompass:career-compass >------------------
[INFO] Building career-compass 0.0.1-SNAPSHOT
[INFO]   from pom.xml
[INFO] --------------------------------[ jar ]---------------------------------
[INFO] 
[INFO] --- resources:3.3.1:resources (default-resources) @ career-compass ---
[INFO] Copying 1 resource from src\main\resources to target\classes
[INFO] Copying 34 resources from src\main\resources to target\classes
[INFO] 
[INFO] --- compiler:3.13.0:compile (default-compile) @ career-compass ---
[INFO] Nothing to compile - all classes are up to date.
[INFO] 
[INFO] --- resources:3.3.1:testResources (default-testResources) @ career-compass ---
[INFO] skip non existing resourceDirectory D:\career_campass\src\test\resources
[INFO] 
[INFO] --- compiler:3.13.0:testCompile (default-testCompile) @ career-compass ---
[INFO] Nothing to compile - all classes are up to date.
[INFO] 
[INFO] --- surefire:3.2.5:test (default-test) @ career-compass ---
[INFO] Using auto detected provider org.apache.maven.surefire.junitplatform.JUnitPlatformProvider
[INFO] 
[INFO] -------------------------------------------------------
[INFO]  T E S T S
[INFO] -------------------------------------------------------
[INFO] Running com.careercompass.careercompass.service.MatchServiceTest
[ERROR] Tests run: 8, Failures: 0, Errors: 8, Skipped: 0, Time elapsed: 2.452 s <<< FAILURE! -- in com.careercompass.careercompass.service.MatchServiceTest
[ERROR] com.careercompass.careercompass.service.MatchServiceTest.testAnalyze_PenaltyLogic_MissingPrimaryLanguage -- Time elapsed: 2.290 s <<< ERROR!
java.lang.Error: 
Unresolved compilation problem: 
	The method anyString() is undefined for the type MatchServiceTest

	at com.careercompass.careercompass.service.MatchServiceTest.setUp(MatchServiceTest.java:45)
	at java.base/java.lang.reflect.Method.invoke(Method.java:565)
	at java.base/java.util.ArrayList.forEach(ArrayList.java:1604)
	at java.base/java.util.ArrayList.forEach(ArrayList.java:1604)

[ERROR] com.careercompass.careercompass.service.MatchServiceTest.testAnalyze_PerfectMatch -- Time elapsed: 0.011 s <<< ERROR!
java.lang.Error: 
Unresolved compilation problem: 
	The method anyString() is undefined for the type MatchServiceTest

	at com.careercompass.careercompass.service.MatchServiceTest.setUp(MatchServiceTest.java:45)
	at java.base/java.lang.reflect.Method.invoke(Method.java:565)
	at java.base/java.util.ArrayList.forEach(ArrayList.java:1604)
	at java.base/java.util.ArrayList.forEach(ArrayList.java:1604)

[ERROR] com.careercompass.careercompass.service.MatchServiceTest.testAnalyze_EmptyResume_ShouldThrowException -- Time elapsed: 0.011 s <<< ERROR!
java.lang.Error: 
Unresolved compilation problem: 
	The method anyString() is undefined for the type MatchServiceTest

	at com.careercompass.careercompass.service.MatchServiceTest.setUp(MatchServiceTest.java:45)
	at java.base/java.lang.reflect.Method.invoke(Method.java:565)
	at java.base/java.util.ArrayList.forEach(ArrayList.java:1604)
	at java.base/java.util.ArrayList.forEach(ArrayList.java:1604)

[ERROR] com.careercompass.careercompass.service.MatchServiceTest.testAnalyze_CorrelatedSkills -- Time elapsed: 0.009 s <<< ERROR!
java.lang.Error: 
Unresolved compilation problem: 
	The method anyString() is undefined for the type MatchServiceTest

	at com.careercompass.careercompass.service.MatchServiceTest.setUp(MatchServiceTest.java:45)
	at java.base/java.lang.reflect.Method.invoke(Method.java:565)
	at java.base/java.util.ArrayList.forEach(ArrayList.java:1604)
	at java.base/java.util.ArrayList.forEach(ArrayList.java:1604)

[ERROR] com.careercompass.careercompass.service.MatchServiceTest.testAnalyze_NoSkillsMatch -- Time elapsed: 0.006 s <<< ERROR!
java.lang.Error: 
Unresolved compilation problem: 
	The method anyString() is undefined for the type MatchServiceTest

	at com.careercompass.careercompass.service.MatchServiceTest.setUp(MatchServiceTest.java:45)
	at java.base/java.lang.reflect.Method.invoke(Method.java:565)
	at java.base/java.util.ArrayList.forEach(ArrayList.java:1604)
	at java.base/java.util.ArrayList.forEach(ArrayList.java:1604)

[ERROR] com.careercompass.careercompass.service.MatchServiceTest.testAnalyze_EmptyJobDescription_ShouldThrowException -- Time elapsed: 0.006 s <<< ERROR!
java.lang.Error: 
Unresolved compilation problem: 
	The method anyString() is undefined for the type MatchServiceTest

	at com.careercompass.careercompass.service.MatchServiceTest.setUp(MatchServiceTest.java:45)
	at java.base/java.lang.reflect.Method.invoke(Method.java:565)
	at java.base/java.util.ArrayList.forEach(ArrayList.java:1604)
	at java.base/java.util.ArrayList.forEach(ArrayList.java:1604)

[ERROR] com.careercompass.careercompass.service.MatchServiceTest.testAnalyze_Success -- Time elapsed: 0.006 s <<< ERROR!
java.lang.Error: 
Unresolved compilation problem: 
	The method anyString() is undefined for the type MatchServiceTest

	at com.careercompass.careercompass.service.MatchServiceTest.setUp(MatchServiceTest.java:45)
	at java.base/java.lang.reflect.Method.invoke(Method.java:565)
	at java.base/java.util.ArrayList.forEach(ArrayList.java:1604)
	at java.base/java.util.ArrayList.forEach(ArrayList.java:1604)

[ERROR] com.careercompass.careercompass.service.MatchServiceTest.testAnalyze_WeightedScoring -- Time elapsed: 0.010 s <<< ERROR!
java.lang.Error: 
Unresolved compilation problem: 
	The method anyString() is undefined for the type MatchServiceTest

	at com.careercompass.careercompass.service.MatchServiceTest.setUp(MatchServiceTest.java:45)
	at java.base/java.lang.reflect.Method.invoke(Method.java:565)
	at java.base/java.util.ArrayList.forEach(ArrayList.java:1604)
	at java.base/java.util.ArrayList.forEach(ArrayList.java:1604)

[INFO] 
[INFO] Results:
[INFO] 
[ERROR] Errors: 
[ERROR]   MatchServiceTest.setUp:45  Unresolved compilation problem: 
	The method anyString() is undefined for the type MatchServiceTest

[ERROR]   MatchServiceTest.setUp:45  Unresolved compilation problem: 
	The method anyString() is undefined for the type MatchServiceTest

[ERROR]   MatchServiceTest.setUp:45  Unresolved compilation problem: 
	The method anyString() is undefined for the type MatchServiceTest

[ERROR]   MatchServiceTest.setUp:45  Unresolved compilation problem: 
	The method anyString() is undefined for the type MatchServiceTest

[ERROR]   MatchServiceTest.setUp:45  Unresolved compilation problem: 
	The method anyString() is undefined for the type MatchServiceTest

[ERROR]   MatchServiceTest.setUp:45  Unresolved compilation problem: 
	The method anyString() is undefined for the type MatchServiceTest

[ERROR]   MatchServiceTest.setUp:45  Unresolved compilation problem: 
	The method anyString() is undefined for the type MatchServiceTest

[ERROR]   MatchServiceTest.setUp:45  Unresolved compilation problem: 
	The method anyString() is undefined for the type MatchServiceTest

[INFO] 
[ERROR] Tests run: 8, Failures: 0, Errors: 8, Skipped: 0
[INFO] 
[INFO] ------------------------------------------------------------------------
[INFO] BUILD FAILURE
[INFO] ------------------------------------------------------------------------
[INFO] Total time:  7.081 s
[INFO] Finished at: 2025-12-29T16:35:17+05:30
[INFO] ------------------------------------------------------------------------
[ERROR] Failed to execute goal org.apache.maven.plugins:maven-surefire-plugin:3.2.5:test (default-test) on project career-compass: 
[ERROR] 
[ERROR] Please refer to D:\career_campass\target\surefire-reports for the individual test results.
[ERROR] Please refer to dump files (if any exist) [date].dump, [date]-jvmRun[N].dump and [date].dumpstream.
[ERROR] -> [Help 1]
[ERROR] 
[ERROR] To see the full stack trace of the errors, re-run Maven with the -e switch.
[ERROR] Re-run Maven using the -X switch to enable full debug logging.
[ERROR] 
[ERROR] For more information about the errors and possible solutions, please read the following articles:
[ERROR] [Help 1] http://cwiki.apache.org/confluence/display/MAVEN/MojoFailureException
