<?xml version="1.0" encoding="UTF-8"?>
<testsuite xmlns:xsi="http://www.w3.org/2001/XMLSchema-instance" xsi:noNamespaceSchemaLocation="https://maven.apache.org/surefire/maven-surefire-plugin/xsd/surefire-test-report-3.0.xsd" version="3.0" name="com.careercompass.careercompass.controller.MatchControllerTest" time="0.007" tests="3" errors="0" skipped="3" failures="0">
  <properties/>
  <testcase name="testAnalyze_ValidationFailure_EmptyInput" classname="com.careercompass.careercompass.controller.MatchControllerTest" time="0.0">
    <skipped message="Context loading issues - Bean Definition Conflict. TODO: Resolve GroqAi mock conflict."/>
  </testcase>
  <testcase name="testAnalyze_ValidationFailure_ShortText" classname="com.careercompass.careercompass.controller.MatchControllerTest" time="0.0">
    <skipped message="Context loading issues - Bean Definition Conflict. TODO: Resolve GroqAi mock conflict."/>
  </testcase>
  <testcase name="testAnalyze_Success" classname="com.careercompass.careercompass.controller.MatchControllerTest" time="0.0">
    <skipped message="Context loading issues - Bean Definition Conflict. TODO: Resolve GroqAi mock conflict."/>
  </testcase>
</testsuite>