<?xml version="1.0" encoding="UTF-8"?>
<testsuite xmlns:xsi="http://www.w3.org/2001/XMLSchema-instance" xsi:noNamespaceSchemaLocation="https://maven.apache.org/surefire/maven-surefire-plugin/xsd/surefire-test-report-3.0.xsd" version="3.0" name="com.careercompass.careercompass.service.MatchServiceTest" time="1.107" tests="8" errors="0" skipped="0" failures="0">
  <properties>
[...]
</properties>
  <testcase name="testAnalyze_PenaltyLogic_MissingPrimaryLanguage" classname="com.careercompass.careercompass.service.MatchServiceTest" time="0.989">
    <system-out><![CDATA[
=== 🧠 Deep Analysis Engine Started ===
📄 JD Length: 9 chars
📄 Resume Length: 11 chars
00:19:48.784 [main] INFO com.careercompass.careercompass.service.MatchService -- === Optimized Analysis with Batch Embeddings Started ===
00:19:48.785 [main] INFO com.careercompass.careercompass.service.MatchService -- === Optimized ATS Engine: Starting Deep Analysis ===
00:19:48.789 [main] INFO com.careercompass.careercompass.service.MatchService -- 🚀 Pre-calculating embeddings for 4 priority ATS keywords...
00:19:48.793 [main] INFO com.careercompass.careercompass.service.MatchService -- 📊 Calculating ATS-Style Weighted Scoring (REVISED)...
00:19:48.795 [main] INFO com.careercompass.careercompass.service.MatchService -- 🔍 Calculating Criticality-Weighted Hard Skills...
00:19:48.796 [main] INFO com.careercompass.careercompass.service.MatchService --    - Mandatory Skills: 0/1 (0.00%)
00:19:48.796 [main] INFO com.careercompass.careercompass.service.MatchService --    - Preferred Skills: 0/0 (50.00%)
00:19:48.797 [main] INFO com.careercompass.careercompass.service.MatchService --    - Hard Skills: 15.00% (Weight 60%)
00:19:48.797 [main] INFO com.careercompass.careercompass.service.MatchService --    - Job Title: 50.00% (Weight 15%)
00:19:48.797 [main] INFO com.careercompass.careercompass.service.MatchService --    - Education: 100.00% (Weight 15%)
00:19:48.797 [main] INFO com.careercompass.careercompass.service.MatchService --    - Semantic: 50.00% (Weight 10%)
00:19:48.797 [main] INFO com.careercompass.careercompass.service.MatchService --    - CRITICAL: Missing 1 mandatory skill(s): java
00:19:48.797 [main] INFO com.careercompass.careercompass.service.MatchService -- 🚀 Final ATS Match Score: 31.0% (Penalty Applied: 15%)
00:19:48.798 [main] INFO com.careercompass.careercompass.service.MatchService -- === Analysis Complete: Score = 31.0 ===
]]></system-out>
    <system-err><![CDATA[WARNING: A Java agent has been loaded dynamically (C:\Users\Asus\.m2\repository\net\bytebuddy\byte-buddy-agent\1.14.16\byte-buddy-agent-1.14.16.jar)
WARNING: If a serviceability tool is in use, please run with -XX:+EnableDynamicAgentLoading to hide this warning
WARNING: If a serviceability tool is not in use, please run with -Djdk.instrument.traceUsage for more information
WARNING: Dynamic loading of agents will be disallowed by default in a future release
]]></system-err>
  </testcase>
  <testcase name="testAnalyze_PerfectMatch" classname="com.careercompass.careercompass.service.MatchServiceTest" time="0.009">
    <system-out><![CDATA[
=== 🧠 Deep Analysis Engine Started ===
📄 JD Length: 72 chars
📄 Resume Length: 30 chars
00:19:48.822 [main] INFO com.careercompass.careercompass.service.MatchService -- === Optimized Analysis with Batch Embeddings Started ===
00:19:48.822 [main] INFO com.careercompass.careercompass.service.MatchService -- === Optimized ATS Engine: Starting Deep Analysis ===
00:19:48.824 [main] INFO com.careercompass.careercompass.service.MatchService -- 🚀 Pre-calculating embeddings for 6 priority ATS keywords...
00:19:48.824 [main] INFO com.careercompass.careercompass.service.MatchService -- 📊 Calculating ATS-Style Weighted Scoring (REVISED)...
00:19:48.825 [main] INFO com.careercompass.careercompass.service.MatchService -- 🔍 Calculating Criticality-Weighted Hard Skills...
00:19:48.825 [main] INFO com.careercompass.careercompass.service.MatchService --    - Mandatory Skills: 1/1 (100.00%)
00:19:48.825 [main] INFO com.careercompass.careercompass.service.MatchService --    - Preferred Skills: 0/0 (50.00%)
00:19:48.825 [main] INFO com.careercompass.careercompass.service.MatchService --    - Hard Skills: 85.00% (Weight 60%)
00:19:48.825 [main] INFO com.careercompass.careercompass.service.MatchService --    - Job Title: 100.00% (Weight 15%)
00:19:48.825 [main] INFO com.careercompass.careercompass.service.MatchService --    - Education: 100.00% (Weight 15%)
00:19:48.825 [main] INFO com.careercompass.careercompass.service.MatchService --    - Semantic: 50.00% (Weight 10%)
00:19:48.825 [main] INFO com.careercompass.careercompass.service.MatchService -- 🚀 Final ATS Match Score: 86.0% (Penalty Applied: 0%)
00:19:48.825 [main] INFO com.careercompass.careercompass.service.MatchService -- === Analysis Complete: Score = 86.0 ===
]]></system-out>
  </testcase>
  <testcase name="testAnalyze_EmptyResume_ShouldThrowException" classname="com.careercompass.careercompass.service.MatchServiceTest" time="0.008"/>
  <testcase name="testAnalyze_CorrelatedSkills" classname="com.careercompass.careercompass.service.MatchServiceTest" time="0.014">
    <system-out><![CDATA[
=== 🧠 Deep Analysis Engine Started ===
📄 JD Length: 39 chars
📄 Resume Length: 20 chars
00:19:48.845 [main] INFO com.careercompass.careercompass.service.MatchService -- === Optimized Analysis with Batch Embeddings Started ===
00:19:48.845 [main] INFO com.careercompass.careercompass.service.MatchService -- === Optimized ATS Engine: Starting Deep Analysis ===
00:19:48.845 [main] INFO com.careercompass.careercompass.service.MatchService -- 🚀 Pre-calculating embeddings for 6 priority ATS keywords...
00:19:48.845 [main] INFO com.careercompass.careercompass.service.MatchService -- 📊 Calculating ATS-Style Weighted Scoring (REVISED)...
00:19:48.849 [main] INFO com.careercompass.careercompass.service.MatchService -- 🔍 Calculating Criticality-Weighted Hard Skills...
00:19:48.849 [main] INFO com.careercompass.careercompass.service.MatchService --    - Mandatory Skills: 1/1 (100.00%)
00:19:48.849 [main] INFO com.careercompass.careercompass.service.MatchService --    - Preferred Skills: 0/0 (50.00%)
00:19:48.849 [main] INFO com.careercompass.careercompass.service.MatchService --    - Hard Skills: 85.00% (Weight 60%)
00:19:48.850 [main] INFO com.careercompass.careercompass.service.MatchService --    - Job Title: 100.00% (Weight 15%)
00:19:48.850 [main] INFO com.careercompass.careercompass.service.MatchService --    - Education: 100.00% (Weight 15%)
00:19:48.850 [main] INFO com.careercompass.careercompass.service.MatchService --    - Semantic: 50.00% (Weight 10%)
00:19:48.850 [main] INFO com.careercompass.careercompass.service.MatchService -- 🚀 Final ATS Match Score: 86.0% (Penalty Applied: 0%)
00:19:48.850 [main] INFO com.careercompass.careercompass.service.MatchService -- === Analysis Complete: Score = 86.0 ===
]]></system-out>
  </testcase>
  <testcase name="testAnalyze_NoSkillsMatch" classname="com.careercompass.careercompass.service.MatchServiceTest" time="0.011">
    <system-out><![CDATA[
=== 🧠 Deep Analysis Engine Started ===
📄 JD Length: 36 chars
📄 Resume Length: 32 chars
00:19:48.858 [main] INFO com.careercompass.careercompass.service.MatchService -- === Optimized Analysis with Batch Embeddings Started ===
00:19:48.858 [main] INFO com.careercompass.careercompass.service.MatchService -- === Optimized ATS Engine: Starting Deep Analysis ===
00:19:48.859 [main] INFO com.careercompass.careercompass.service.MatchService -- 🚀 Pre-calculating embeddings for 4 priority ATS keywords...
00:19:48.859 [main] INFO com.careercompass.careercompass.service.MatchService -- 📊 Calculating ATS-Style Weighted Scoring (REVISED)...
00:19:48.859 [main] INFO com.careercompass.careercompass.service.MatchService -- 🔍 Calculating Criticality-Weighted Hard Skills...
00:19:48.860 [main] INFO com.careercompass.careercompass.service.MatchService --    - Mandatory Skills: 0/1 (0.00%)
00:19:48.860 [main] INFO com.careercompass.careercompass.service.MatchService --    - Preferred Skills: 0/0 (50.00%)
00:19:48.861 [main] INFO com.careercompass.careercompass.service.MatchService --    - Hard Skills: 15.00% (Weight 60%)
00:19:48.861 [main] INFO com.careercompass.careercompass.service.MatchService --    - Job Title: 50.00% (Weight 15%)
00:19:48.861 [main] INFO com.careercompass.careercompass.service.MatchService --    - Education: 100.00% (Weight 15%)
00:19:48.861 [main] INFO com.careercompass.careercompass.service.MatchService --    - Semantic: 50.00% (Weight 10%)
00:19:48.862 [main] INFO com.careercompass.careercompass.service.MatchService --    - CRITICAL: Missing 1 mandatory skill(s): java
00:19:48.862 [main] INFO com.careercompass.careercompass.service.MatchService -- 🚀 Final ATS Match Score: 31.0% (Penalty Applied: 15%)
00:19:48.862 [main] INFO com.careercompass.careercompass.service.MatchService -- === Analysis Complete: Score = 31.0 ===
]]></system-out>
  </testcase>
  <testcase name="testAnalyze_EmptyJobDescription_ShouldThrowException" classname="com.careercompass.careercompass.service.MatchServiceTest" time="0.006"/>
  <testcase name="testAnalyze_Success" classname="com.careercompass.careercompass.service.MatchServiceTest" time="0.009">
    <system-out><![CDATA[
=== 🧠 Deep Analysis Engine Started ===
📄 JD Length: 72 chars
📄 Resume Length: 73 chars
00:19:48.875 [main] INFO com.careercompass.careercompass.service.MatchService -- === Optimized Analysis with Batch Embeddings Started ===
00:19:48.876 [main] INFO com.careercompass.careercompass.service.MatchService -- === Optimized ATS Engine: Starting Deep Analysis ===
00:19:48.877 [main] INFO com.careercompass.careercompass.service.MatchService -- 🚀 Pre-calculating embeddings for 6 priority ATS keywords...
00:19:48.877 [main] INFO com.careercompass.careercompass.service.MatchService -- 📊 Calculating ATS-Style Weighted Scoring (REVISED)...
00:19:48.879 [main] INFO com.careercompass.careercompass.service.MatchService -- 🔍 Calculating Criticality-Weighted Hard Skills...
00:19:48.879 [main] INFO com.careercompass.careercompass.service.MatchService --    - Mandatory Skills: 1/1 (100.00%)
00:19:48.879 [main] INFO com.careercompass.careercompass.service.MatchService --    - Preferred Skills: 0/0 (50.00%)
00:19:48.879 [main] INFO com.careercompass.careercompass.service.MatchService --    - Hard Skills: 85.00% (Weight 60%)
00:19:48.879 [main] INFO com.careercompass.careercompass.service.MatchService --    - Job Title: 100.00% (Weight 15%)
00:19:48.879 [main] INFO com.careercompass.careercompass.service.MatchService --    - Education: 100.00% (Weight 15%)
00:19:48.880 [main] INFO com.careercompass.careercompass.service.MatchService --    - Semantic: 50.00% (Weight 10%)
00:19:48.880 [main] INFO com.careercompass.careercompass.service.MatchService -- 🚀 Final ATS Match Score: 86.0% (Penalty Applied: 0%)
00:19:48.880 [main] INFO com.careercompass.careercompass.service.MatchService -- === Analysis Complete: Score = 86.0 ===
]]></system-out>
  </testcase>
  <testcase name="testAnalyze_WeightedScoring" classname="com.careercompass.careercompass.service.MatchServiceTest" time="0.019">
    <system-out><![CDATA[
=== 🧠 Deep Analysis Engine Started ===
📄 JD Length: 16 chars
📄 Resume Length: 9 chars
00:19:48.890 [main] INFO com.careercompass.careercompass.service.MatchService -- === Optimized Analysis with Batch Embeddings Started ===
00:19:48.890 [main] INFO com.careercompass.careercompass.service.MatchService -- === Optimized ATS Engine: Starting Deep Analysis ===
00:19:48.890 [main] INFO com.careercompass.careercompass.service.MatchService -- 🚀 Pre-calculating embeddings for 3 priority ATS keywords...
00:19:48.890 [main] INFO com.careercompass.careercompass.service.MatchService -- 📊 Calculating ATS-Style Weighted Scoring (REVISED)...
00:19:48.890 [main] INFO com.careercompass.careercompass.service.MatchService -- 🔍 Calculating Criticality-Weighted Hard Skills...
00:19:48.892 [main] INFO com.careercompass.careercompass.service.MatchService --    - Mandatory Skills: 0/1 (0.00%)
00:19:48.892 [main] INFO com.careercompass.careercompass.service.MatchService --    - Preferred Skills: 0/0 (50.00%)
00:19:48.892 [main] INFO com.careercompass.careercompass.service.MatchService --    - Hard Skills: 15.00% (Weight 60%)
00:19:48.892 [main] INFO com.careercompass.careercompass.service.MatchService --    - Job Title: 50.00% (Weight 15%)
00:19:48.892 [main] INFO com.careercompass.careercompass.service.MatchService --    - Education: 100.00% (Weight 15%)
00:19:48.892 [main] INFO com.careercompass.careercompass.service.MatchService --    - Semantic: 50.00% (Weight 10%)
00:19:48.892 [main] INFO com.careercompass.careercompass.service.MatchService --    - CRITICAL: Missing 1 mandatory skill(s): java
00:19:48.892 [main] INFO com.careercompass.careercompass.service.MatchService -- 🚀 Final ATS Match Score: 31.0% (Penalty Applied: 15%)
00:19:48.893 [main] INFO com.careercompass.careercompass.service.MatchService -- === Analysis Complete: Score = 31.0 ===

=== 🧠 Deep Analysis Engine Started ===
📄 JD Length: 16 chars
📄 Resume Length: 9 chars
00:19:48.894 [main] INFO com.careercompass.careercompass.service.MatchService -- === Optimized Analysis with Batch Embeddings Started ===
00:19:48.894 [main] INFO com.careercompass.careercompass.service.MatchService -- === Optimized ATS Engine: Starting Deep Analysis ===
00:19:48.894 [main] INFO com.careercompass.careercompass.service.MatchService -- 🚀 Pre-calculating embeddings for 3 priority ATS keywords...
00:19:48.894 [main] INFO com.careercompass.careercompass.service.MatchService -- 📊 Calculating ATS-Style Weighted Scoring (REVISED)...
00:19:48.896 [main] INFO com.careercompass.careercompass.service.MatchService -- 🔍 Calculating Criticality-Weighted Hard Skills...
00:19:48.896 [main] INFO com.careercompass.careercompass.service.MatchService --    - Mandatory Skills: 1/1 (100.00%)
00:19:48.896 [main] INFO com.careercompass.careercompass.service.MatchService --    - Preferred Skills: 0/0 (50.00%)
00:19:48.897 [main] INFO com.careercompass.careercompass.service.MatchService --    - Hard Skills: 85.00% (Weight 60%)
00:19:48.897 [main] INFO com.careercompass.careercompass.service.MatchService --    - Job Title: 50.00% (Weight 15%)
00:19:48.897 [main] INFO com.careercompass.careercompass.service.MatchService --    - Education: 100.00% (Weight 15%)
00:19:48.897 [main] INFO com.careercompass.careercompass.service.MatchService --    - Semantic: 50.00% (Weight 10%)
00:19:48.897 [main] INFO com.careercompass.careercompass.service.MatchService -- 🚀 Final ATS Match Score: 79.0% (Penalty Applied: 0%)
00:19:48.898 [main] INFO com.careercompass.careercompass.service.MatchService -- === Analysis Complete: Score = 79.0 ===
]]></system-out>
  </testcase>
</testsuite>